<?xml version="1.0" encoding="UTF-8"?>
<testng-results ignored="0" total="1" passed="1" failed="0" skipped="0">
  <reporter-output>
  </reporter-output>
  <suite started-at="2022-08-31T15:34:39 EEST" name="Surefire suite" finished-at="2022-08-31T15:35:30 EEST" duration-ms="51431">
    <groups>
    </groups>
    <test started-at="2022-08-31T15:34:39 EEST" name="Surefire test" finished-at="2022-08-31T15:35:30 EEST" duration-ms="51431">
      <class name="com.epam.framework.testCase.Hardcore">
        <test-method is-config="true" signature="setUp(java.lang.String)[pri:0, instance:com.epam.framework.testCase.Hardcore@20f5239f]" started-at="2022-08-31T15:34:39 EEST" name="setUp" finished-at="2022-08-31T15:34:42 EEST" duration-ms="3168" status="PASS">
          <params>
            <param index="0">
              <value>
                <![CDATA[chrome]]>
              </value>
            </param>
          </params>
          <reporter-output>
          </reporter-output>
        </test-method> <!-- setUp -->
        <test-method signature="hardcore()[pri:0, instance:com.epam.framework.testCase.Hardcore@20f5239f]" started-at="2022-08-31T15:34:42 EEST" name="hardcore" finished-at="2022-08-31T15:35:29 EEST" duration-ms="47525" status="PASS">
          <reporter-output>
          </reporter-output>
        </test-method> <!-- hardcore -->
        <test-method is-config="true" signature="tearDown()[pri:0, instance:com.epam.framework.testCase.Hardcore@20f5239f]" started-at="2022-08-31T15:35:29 EEST" name="tearDown" finished-at="2022-08-31T15:35:30 EEST" duration-ms="704" status="PASS">
          <reporter-output>
          </reporter-output>
        </test-method> <!-- tearDown -->
      </class> <!-- com.epam.framework.testCase.Hardcore -->
    </test> <!-- Surefire test -->
  </suite> <!-- Surefire suite -->
</testng-results>
