<?xml version="1.0" encoding="UTF-8"?>
<testng-results ignored="0" total="1" passed="1" failed="0" skipped="0">
  <reporter-output>
  </reporter-output>
  <suite started-at="2022-09-05T16:42:09 EEST" name="Surefire suite" finished-at="2022-09-05T16:43:42 EEST" duration-ms="93656">
    <groups>
    </groups>
    <test started-at="2022-09-05T16:42:09 EEST" name="Surefire test" finished-at="2022-09-05T16:43:42 EEST" duration-ms="93656">
      <class name="com.epam.framework.testCase.Hardcore">
        <test-method is-config="true" signature="setUp(java.lang.String)[pri:0, instance:com.epam.framework.testCase.Hardcore@20f5239f]" started-at="2022-09-05T16:42:09 EEST" name="setUp" finished-at="2022-09-05T16:43:06 EEST" duration-ms="57639" status="PASS">
          <params>
            <param index="0">
              <value>
                <![CDATA[edge]]>
              </value>
            </param>
          </params>
          <reporter-output>
          </reporter-output>
        </test-method> <!-- setUp -->
        <test-method signature="hardcore()[pri:0, instance:com.epam.framework.testCase.Hardcore@20f5239f]" started-at="2022-09-05T16:43:06 EEST" name="hardcore" finished-at="2022-09-05T16:43:41 EEST" duration-ms="35147" status="PASS">
          <reporter-output>
          </reporter-output>
        </test-method> <!-- hardcore -->
        <test-method is-config="true" signature="tearDown()[pri:0, instance:com.epam.framework.testCase.Hardcore@20f5239f]" started-at="2022-09-05T16:43:41 EEST" name="tearDown" finished-at="2022-09-05T16:43:42 EEST" duration-ms="827" status="PASS">
          <reporter-output>
          </reporter-output>
        </test-method> <!-- tearDown -->
      </class> <!-- com.epam.framework.testCase.Hardcore -->
    </test> <!-- Surefire test -->
  </suite> <!-- Surefire suite -->
</testng-results>
